"2024-08-22 14:42:25,404 INFO  [restartedMain] estate.management.com.EstateManagementApplication:Starting EstateManagementApplication using Java 17.0.10 on meralKorkmaz with PID 16004 (C:\Users\korkm\Downloads\EstateManagement\target\classes started by korkm in C:\Users\korkm\Downloads\EstateManagement)
""2024-08-22 14:42:25,411 INFO  [restartedMain] estate.management.com.EstateManagementApplication:No active profile set, falling back to 1 default profile: "default"
""2024-08-22 14:42:25,530 INFO  [restartedMain] org.springframework.boot.devtools.env.DevToolsPropertyDefaultsPostProcessor:Devtools property defaults active! Set 'spring.devtools.add-properties' to 'false' to disable
""2024-08-22 14:42:25,531 INFO  [restartedMain] org.springframework.boot.devtools.env.DevToolsPropertyDefaultsPostProcessor:For additional web related logging consider setting the 'logging.level.web' property to 'DEBUG'
""2024-08-22 14:42:27,578 INFO  [restartedMain] org.springframework.data.repository.config.RepositoryConfigurationDelegate:Bootstrapping Spring Data JPA repositories in DEFAULT mode.
""2024-08-22 14:42:27,694 INFO  [restartedMain] org.springframework.data.repository.config.RepositoryConfigurationDelegate:Finished Spring Data repository scanning in 104 ms. Found 8 JPA repository interfaces.
""2024-08-22 14:42:28,468 INFO  [restartedMain] org.springframework.boot.web.embedded.tomcat.TomcatWebServer:Tomcat initialized with port(s): 8081 (http)
""2024-08-22 14:42:28,479 INFO  [restartedMain] org.apache.catalina.core.StandardService:Starting service [Tomcat]
""2024-08-22 14:42:28,480 INFO  [restartedMain] org.apache.catalina.core.StandardEngine:Starting Servlet engine: [Apache Tomcat/9.0.68]
""2024-08-22 14:42:28,580 INFO  [restartedMain] org.apache.catalina.core.ContainerBase.[Tomcat].[localhost].[/]:Initializing Spring embedded WebApplicationContext
""2024-08-22 14:42:28,581 INFO  [restartedMain] org.springframework.boot.web.servlet.context.ServletWebServerApplicationContext:Root WebApplicationContext: initialization completed in 3050 ms
""2024-08-22 14:42:28,773 INFO  [restartedMain] org.hibernate.jpa.internal.util.LogHelper:HHH000204: Processing PersistenceUnitInfo [name: default]
""2024-08-22 14:42:28,856 INFO  [restartedMain] org.hibernate.Version:HHH000412: Hibernate ORM core version 5.6.12.Final
""2024-08-22 14:42:29,085 INFO  [restartedMain] org.hibernate.annotations.common.Version:HCANN000001: Hibernate Commons Annotations {5.1.2.Final}
""2024-08-22 14:42:29,242 INFO  [restartedMain] com.zaxxer.hikari.HikariDataSource:HikariPool-1 - Starting...
""2024-08-22 14:42:29,498 INFO  [restartedMain] com.zaxxer.hikari.HikariDataSource:HikariPool-1 - Start completed.
""2024-08-22 14:42:29,525 INFO  [restartedMain] org.hibernate.dialect.Dialect:HHH000400: Using dialect: org.hibernate.dialect.PostgreSQL81Dialect
""2024-08-22 14:42:30,765 INFO  [restartedMain] org.hibernate.engine.transaction.jta.platform.internal.JtaPlatformInitiator:HHH000490: Using JtaPlatform implementation: [org.hibernate.engine.transaction.jta.platform.internal.NoJtaPlatform]
""2024-08-22 14:42:30,777 INFO  [restartedMain] org.springframework.orm.jpa.LocalContainerEntityManagerFactoryBean:Initialized JPA EntityManagerFactory for persistence unit 'default'
""2024-08-22 14:42:31,950 WARN  [restartedMain] org.springframework.boot.autoconfigure.orm.jpa.JpaBaseConfiguration$JpaWebConfiguration:spring.jpa.open-in-view is enabled by default. Therefore, database queries may be performed during view rendering. Explicitly configure spring.jpa.open-in-view to disable this warning
""2024-08-22 14:42:32,554 INFO  [restartedMain] org.springframework.security.web.DefaultSecurityFilterChain:Will secure any request with [org.springframework.security.web.session.DisableEncodeUrlFilter@31ba2945, org.springframework.security.web.context.request.async.WebAsyncManagerIntegrationFilter@429c2f51, org.springframework.security.web.context.SecurityContextPersistenceFilter@2233d46, org.springframework.security.web.header.HeaderWriterFilter@6e50df5b, org.springframework.web.filter.CorsFilter@354fee7c, org.springframework.security.web.authentication.logout.LogoutFilter@264d0773, estate.management.com.security.jwt.AuthTokenFilter@30d7632d, org.springframework.security.web.savedrequest.RequestCacheAwareFilter@4810bb66, org.springframework.security.web.servletapi.SecurityContextHolderAwareRequestFilter@6a4be5cb, org.springframework.security.web.authentication.AnonymousAuthenticationFilter@659ed8de, org.springframework.security.web.session.SessionManagementFilter@2a2586b6, org.springframework.security.web.access.ExceptionTranslationFilter@2779dfab, org.springframework.security.web.access.intercept.FilterSecurityInterceptor@247af5e6]
""2024-08-22 14:42:32,932 INFO  [restartedMain] org.springframework.boot.devtools.autoconfigure.OptionalLiveReloadServer:LiveReload server is running on port 35729
""2024-08-22 14:42:32,983 INFO  [restartedMain] org.springframework.boot.web.embedded.tomcat.TomcatWebServer:Tomcat started on port(s): 8081 (http) with context path ''
""2024-08-22 14:42:32,998 INFO  [restartedMain] estate.management.com.EstateManagementApplication:Started EstateManagementApplication in 8.114 seconds (JVM running for 9.1)
""2024-08-22 14:42:44,684 INFO  [SpringApplicationShutdownHook] org.springframework.orm.jpa.LocalContainerEntityManagerFactoryBean:Closing JPA EntityManagerFactory for persistence unit 'default'
""2024-08-22 14:42:44,702 INFO  [SpringApplicationShutdownHook] com.zaxxer.hikari.HikariDataSource:HikariPool-1 - Shutdown initiated...
""2024-08-22 14:42:44,745 INFO  [SpringApplicationShutdownHook] com.zaxxer.hikari.HikariDataSource:HikariPool-1 - Shutdown completed.
""2024-08-22 15:22:31,117 INFO  [restartedMain] estate.management.com.EstateManagementApplication:Starting EstateManagementApplication using Java 17.0.10 on meralKorkmaz with PID 20208 (C:\Users\korkm\Downloads\EstateManagement\target\classes started by korkm in C:\Users\korkm\Downloads\EstateManagement)
""2024-08-22 15:22:31,118 INFO  [restartedMain] estate.management.com.EstateManagementApplication:No active profile set, falling back to 1 default profile: "default"
""2024-08-22 15:22:31,208 INFO  [restartedMain] org.springframework.boot.devtools.env.DevToolsPropertyDefaultsPostProcessor:Devtools property defaults active! Set 'spring.devtools.add-properties' to 'false' to disable
""2024-08-22 15:22:31,208 INFO  [restartedMain] org.springframework.boot.devtools.env.DevToolsPropertyDefaultsPostProcessor:For additional web related logging consider setting the 'logging.level.web' property to 'DEBUG'
""2024-08-22 15:22:32,766 INFO  [restartedMain] org.springframework.data.repository.config.RepositoryConfigurationDelegate:Bootstrapping Spring Data JPA repositories in DEFAULT mode.
""2024-08-22 15:22:32,871 INFO  [restartedMain] org.springframework.data.repository.config.RepositoryConfigurationDelegate:Finished Spring Data repository scanning in 96 ms. Found 8 JPA repository interfaces.
""2024-08-22 15:22:33,510 INFO  [restartedMain] org.springframework.boot.web.embedded.tomcat.TomcatWebServer:Tomcat initialized with port(s): 8081 (http)
""2024-08-22 15:22:33,520 INFO  [restartedMain] org.apache.catalina.core.StandardService:Starting service [Tomcat]
""2024-08-22 15:22:33,520 INFO  [restartedMain] org.apache.catalina.core.StandardEngine:Starting Servlet engine: [Apache Tomcat/9.0.68]
""2024-08-22 15:22:33,602 INFO  [restartedMain] org.apache.catalina.core.ContainerBase.[Tomcat].[localhost].[/]:Initializing Spring embedded WebApplicationContext
""2024-08-22 15:22:33,602 INFO  [restartedMain] org.springframework.boot.web.servlet.context.ServletWebServerApplicationContext:Root WebApplicationContext: initialization completed in 2393 ms
""2024-08-22 15:22:33,772 INFO  [restartedMain] org.hibernate.jpa.internal.util.LogHelper:HHH000204: Processing PersistenceUnitInfo [name: default]
""2024-08-22 15:22:33,817 INFO  [restartedMain] org.hibernate.Version:HHH000412: Hibernate ORM core version 5.6.12.Final
""2024-08-22 15:22:33,961 INFO  [restartedMain] org.hibernate.annotations.common.Version:HCANN000001: Hibernate Commons Annotations {5.1.2.Final}
""2024-08-22 15:22:34,073 INFO  [restartedMain] com.zaxxer.hikari.HikariDataSource:HikariPool-1 - Starting...
""2024-08-22 15:22:34,224 INFO  [restartedMain] com.zaxxer.hikari.HikariDataSource:HikariPool-1 - Start completed.
""2024-08-22 15:22:34,239 INFO  [restartedMain] org.hibernate.dialect.Dialect:HHH000400: Using dialect: org.hibernate.dialect.PostgreSQL81Dialect
""2024-08-22 15:22:35,230 INFO  [restartedMain] org.hibernate.engine.transaction.jta.platform.internal.JtaPlatformInitiator:HHH000490: Using JtaPlatform implementation: [org.hibernate.engine.transaction.jta.platform.internal.NoJtaPlatform]
""2024-08-22 15:22:35,238 INFO  [restartedMain] org.springframework.orm.jpa.LocalContainerEntityManagerFactoryBean:Initialized JPA EntityManagerFactory for persistence unit 'default'
""2024-08-22 15:22:36,206 WARN  [restartedMain] org.springframework.boot.autoconfigure.orm.jpa.JpaBaseConfiguration$JpaWebConfiguration:spring.jpa.open-in-view is enabled by default. Therefore, database queries may be performed during view rendering. Explicitly configure spring.jpa.open-in-view to disable this warning
""2024-08-22 15:22:36,769 INFO  [restartedMain] org.springframework.security.web.DefaultSecurityFilterChain:Will secure any request with [org.springframework.security.web.session.DisableEncodeUrlFilter@4e908b8b, org.springframework.security.web.context.request.async.WebAsyncManagerIntegrationFilter@15488ead, org.springframework.security.web.context.SecurityContextPersistenceFilter@6c3b4ecc, org.springframework.security.web.header.HeaderWriterFilter@70d1a324, org.springframework.web.filter.CorsFilter@16120e5a, org.springframework.security.web.authentication.logout.LogoutFilter@bfab067, estate.management.com.security.jwt.AuthTokenFilter@610518a9, org.springframework.security.web.savedrequest.RequestCacheAwareFilter@2037f3bc, org.springframework.security.web.servletapi.SecurityContextHolderAwareRequestFilter@714c2eb2, org.springframework.security.web.authentication.AnonymousAuthenticationFilter@3b52f37b, org.springframework.security.web.session.SessionManagementFilter@15971318, org.springframework.security.web.access.ExceptionTranslationFilter@606c48b8, org.springframework.security.web.access.intercept.FilterSecurityInterceptor@3dbcd7fb]
""2024-08-22 15:22:37,087 INFO  [restartedMain] org.springframework.boot.devtools.autoconfigure.OptionalLiveReloadServer:LiveReload server is running on port 35729
""2024-08-22 15:22:37,133 INFO  [restartedMain] org.springframework.boot.web.embedded.tomcat.TomcatWebServer:Tomcat started on port(s): 8081 (http) with context path ''
""2024-08-22 15:22:37,146 INFO  [restartedMain] estate.management.com.EstateManagementApplication:Started EstateManagementApplication in 6.46 seconds (JVM running for 7.175)
""2024-08-22 15:22:42,177 INFO  [SpringApplicationShutdownHook] org.springframework.orm.jpa.LocalContainerEntityManagerFactoryBean:Closing JPA EntityManagerFactory for persistence unit 'default'
""2024-08-22 15:22:42,181 INFO  [SpringApplicationShutdownHook] com.zaxxer.hikari.HikariDataSource:HikariPool-1 - Shutdown initiated...
""2024-08-22 15:22:42,186 INFO  [SpringApplicationShutdownHook] com.zaxxer.hikari.HikariDataSource:HikariPool-1 - Shutdown completed.
""2024-08-22 15:27:08,255 INFO  [restartedMain] estate.management.com.EstateManagementApplication:Starting EstateManagementApplication using Java 17.0.10 on meralKorkmaz with PID 21312 (C:\Users\korkm\Downloads\EstateManagement\target\classes started by korkm in C:\Users\korkm\Downloads\EstateManagement)
""2024-08-22 15:27:08,256 INFO  [restartedMain] estate.management.com.EstateManagementApplication:No active profile set, falling back to 1 default profile: "default"
""2024-08-22 15:27:08,332 INFO  [restartedMain] org.springframework.boot.devtools.env.DevToolsPropertyDefaultsPostProcessor:Devtools property defaults active! Set 'spring.devtools.add-properties' to 'false' to disable
""2024-08-22 15:27:08,332 INFO  [restartedMain] org.springframework.boot.devtools.env.DevToolsPropertyDefaultsPostProcessor:For additional web related logging consider setting the 'logging.level.web' property to 'DEBUG'
""2024-08-22 15:27:09,588 INFO  [restartedMain] org.springframework.data.repository.config.RepositoryConfigurationDelegate:Bootstrapping Spring Data JPA repositories in DEFAULT mode.
""2024-08-22 15:27:09,728 INFO  [restartedMain] org.springframework.data.repository.config.RepositoryConfigurationDelegate:Finished Spring Data repository scanning in 128 ms. Found 8 JPA repository interfaces.
""2024-08-22 15:27:10,615 INFO  [restartedMain] org.springframework.boot.web.embedded.tomcat.TomcatWebServer:Tomcat initialized with port(s): 8081 (http)
""2024-08-22 15:27:10,627 INFO  [restartedMain] org.apache.catalina.core.StandardService:Starting service [Tomcat]
""2024-08-22 15:27:10,628 INFO  [restartedMain] org.apache.catalina.core.StandardEngine:Starting Servlet engine: [Apache Tomcat/9.0.68]
""2024-08-22 15:27:10,720 INFO  [restartedMain] org.apache.catalina.core.ContainerBase.[Tomcat].[localhost].[/]:Initializing Spring embedded WebApplicationContext
""2024-08-22 15:27:10,721 INFO  [restartedMain] org.springframework.boot.web.servlet.context.ServletWebServerApplicationContext:Root WebApplicationContext: initialization completed in 2388 ms
""2024-08-22 15:27:10,922 INFO  [restartedMain] org.hibernate.jpa.internal.util.LogHelper:HHH000204: Processing PersistenceUnitInfo [name: default]
""2024-08-22 15:27:10,977 INFO  [restartedMain] org.hibernate.Version:HHH000412: Hibernate ORM core version 5.6.12.Final
""2024-08-22 15:27:11,162 INFO  [restartedMain] org.hibernate.annotations.common.Version:HCANN000001: Hibernate Commons Annotations {5.1.2.Final}
""2024-08-22 15:27:11,281 INFO  [restartedMain] com.zaxxer.hikari.HikariDataSource:HikariPool-1 - Starting...
""2024-08-22 15:27:11,442 INFO  [restartedMain] com.zaxxer.hikari.HikariDataSource:HikariPool-1 - Start completed.
""2024-08-22 15:27:11,458 INFO  [restartedMain] org.hibernate.dialect.Dialect:HHH000400: Using dialect: org.hibernate.dialect.PostgreSQL81Dialect
""2024-08-22 15:27:12,473 INFO  [restartedMain] org.hibernate.engine.transaction.jta.platform.internal.JtaPlatformInitiator:HHH000490: Using JtaPlatform implementation: [org.hibernate.engine.transaction.jta.platform.internal.NoJtaPlatform]
""2024-08-22 15:27:12,482 INFO  [restartedMain] org.springframework.orm.jpa.LocalContainerEntityManagerFactoryBean:Initialized JPA EntityManagerFactory for persistence unit 'default'
""2024-08-22 15:27:13,563 WARN  [restartedMain] org.springframework.boot.autoconfigure.orm.jpa.JpaBaseConfiguration$JpaWebConfiguration:spring.jpa.open-in-view is enabled by default. Therefore, database queries may be performed during view rendering. Explicitly configure spring.jpa.open-in-view to disable this warning
""2024-08-22 15:27:14,114 INFO  [restartedMain] org.springframework.security.web.DefaultSecurityFilterChain:Will secure any request with [org.springframework.security.web.session.DisableEncodeUrlFilter@27349989, org.springframework.security.web.context.request.async.WebAsyncManagerIntegrationFilter@6b2a9f4, org.springframework.security.web.context.SecurityContextPersistenceFilter@52210c0, org.springframework.security.web.header.HeaderWriterFilter@d5e4a07, org.springframework.web.filter.CorsFilter@7982dad7, org.springframework.security.web.authentication.logout.LogoutFilter@6e5ae886, estate.management.com.security.jwt.AuthTokenFilter@5f74a840, org.springframework.security.web.savedrequest.RequestCacheAwareFilter@551dd80b, org.springframework.security.web.servletapi.SecurityContextHolderAwareRequestFilter@acd9edb, org.springframework.security.web.authentication.AnonymousAuthenticationFilter@69781496, org.springframework.security.web.session.SessionManagementFilter@20aac113, org.springframework.security.web.access.ExceptionTranslationFilter@61b3ca69, org.springframework.security.web.access.intercept.FilterSecurityInterceptor@7f3bc398]
""2024-08-22 15:27:14,409 INFO  [restartedMain] org.springframework.boot.devtools.autoconfigure.OptionalLiveReloadServer:LiveReload server is running on port 35729
""2024-08-22 15:27:14,461 INFO  [restartedMain] org.springframework.boot.web.embedded.tomcat.TomcatWebServer:Tomcat started on port(s): 8081 (http) with context path ''
""2024-08-22 15:27:14,475 INFO  [restartedMain] estate.management.com.EstateManagementApplication:Started EstateManagementApplication in 6.767 seconds (JVM running for 7.698)
""2024-08-22 15:27:17,040 INFO  [SpringApplicationShutdownHook] org.springframework.orm.jpa.LocalContainerEntityManagerFactoryBean:Closing JPA EntityManagerFactory for persistence unit 'default'
""2024-08-22 15:27:17,046 INFO  [SpringApplicationShutdownHook] com.zaxxer.hikari.HikariDataSource:HikariPool-1 - Shutdown initiated...
""2024-08-22 15:27:17,057 INFO  [SpringApplicationShutdownHook] com.zaxxer.hikari.HikariDataSource:HikariPool-1 - Shutdown completed.
"